flygame/build/intermediates/manifest_merge_blame_file/debug/manifest-merger-blame-debug-report.txt
1<?xml version="1.0" encoding="utf-8"?>
2<manifest xmlns:android="http://schemas.android.com/apk/res/android"
3    package="com.heyletscode.ihavetofly" >
4
5    <uses-sdk android:minSdkVersion="24" />
5-->src\main\AndroidManifest.xml
6
7    <application
7-->src\main\AndroidManifest.xml:5:5-27:19
8        android:allowBackup="true"
8-->src\main\AndroidManifest.xml:6:9-35
9        android:icon="@mipmap/ic_launcher"
9-->src\main\AndroidManifest.xml:7:9-43
10        android:label="@string/app_name"
10-->src\main\AndroidManifest.xml:8:9-41
11        android:roundIcon="@mipmap/ic_launcher_round"
11-->src\main\AndroidManifest.xml:9:9-54
12        android:supportsRtl="true"
12-->src\main\AndroidManifest.xml:10:9-35
13        android:theme="@style/AppTheme" >
13-->src\main\AndroidManifest.xml:11:9-40
14        <activity
14-->src\main\AndroidManifest.xml:12:9-14:58
15            android:name="com.heyletscode.ihavetofly.GameActivity"
15-->src\main\AndroidManifest.xml:12:19-47
16            android:screenOrientation="landscape"
16-->src\main\AndroidManifest.xml:13:13-50
17            android:theme="@style/AppTheme.noActionBar" />
17-->src\main\AndroidManifest.xml:14:13-56
18        <activity
18-->src\main\AndroidManifest.xml:15:9-26:20
19            android:name="com.heyletscode.ihavetofly.IHaveToFlyActivity"
19-->src\main\AndroidManifest.xml:16:13-47
20            android:exported="true"
20-->src\main\AndroidManifest.xml:20:13-36
21            android:noHistory="true"
21-->src\main\AndroidManifest.xml:18:13-37
22            android:screenOrientation="landscape"
22-->src\main\AndroidManifest.xml:17:13-50
23            android:theme="@style/AppTheme.noActionBar" >
23-->src\main\AndroidManifest.xml:19:13-56
24            <intent-filter>
24-->src\main\AndroidManifest.xml:21:13-25:29
25                <action android:name="android.intent.action.MAIN" />
25-->src\main\AndroidManifest.xml:22:17-69
25-->src\main\AndroidManifest.xml:22:25-66
26
27                <category android:name="android.intent.category.LAUNCHER" />
27-->src\main\AndroidManifest.xml:24:17-77
27-->src\main\AndroidManifest.xml:24:27-74
28            </intent-filter>
29        </activity>
30    </application>
31
32</manifest>